<?xml version="1.0" encoding="UTF-8"?>
<!-- Generated by org.testng.reporters.JUnitReportReporter -->
<testsuite skipped="1" hostname="DESKTOP-9EH5IAV" name="com.OHRMS.testcasescripts.HomePageTest" tests="1" failures="0" timestamp="19 Feb 2020 13:28:19 GMT" time="0.000" errors="0">
  <testcase name="verifyHomePageTitleTest" time="0.000" classname="com.OHRMS.testcasescripts.HomePageTest">
    <skipped/>
  </testcase> <!-- verifyHomePageTitleTest -->
</testsuite> <!-- com.OHRMS.testcasescripts.HomePageTest -->
